Build started 2/24/2012 9:09:30 PM.
     1>Project "C:\Users\Josh\Documents\Visual Studio 2010\Projects\CSCD305\Assignment 2\Assignment 2.vcxproj" on node 3 (rebuild target(s)).
     1>_PrepareForClean:
         Deleting file "Debug\Assignment 2.lastbuildstate".
       InitializeBuildStatus:
         Touching "Debug\Assignment 2.unsuccessfulbuild".
       ClCompile:
         C:\Program Files (x86)\Microsoft Visual Studio 10.0\VC\bin\CL.exe /c /ZI /nologo /W3 /WX- /Od /Oy- /D _MBCS /Gm /EHsc /RTC1 /MDd /GS /fp:precise /Zc:wchar_t /Zc:forScope /Fo"Debug\\" /Fd"Debug\vc100.pdb" /Gd /TP /analyze- /errorReport:prompt CClassical.cpp CEnsemble.cpp CPops.cpp CRecital.cpp CTicket.cpp Date1.cpp hw2tester.cpp Time3.cpp
         Time3.cpp
         hw2tester.cpp
     1>c:\users\josh\documents\visual studio 2010\projects\cscd305\assignment 2\hw2tester.cpp(42): warning C4996: 'stricmp': The POSIX name for this item is deprecated. Instead, use the ISO C++ conformant name: _stricmp. See online help for details.
                 c:\program files (x86)\microsoft visual studio 10.0\vc\include\string.h(246) : see declaration of 'stricmp'
     1>c:\users\josh\documents\visual studio 2010\projects\cscd305\assignment 2\hw2tester.cpp(47): warning C4996: 'stricmp': The POSIX name for this item is deprecated. Instead, use the ISO C++ conformant name: _stricmp. See online help for details.
                 c:\program files (x86)\microsoft visual studio 10.0\vc\include\string.h(246) : see declaration of 'stricmp'
     1>c:\users\josh\documents\visual studio 2010\projects\cscd305\assignment 2\hw2tester.cpp(52): warning C4996: 'stricmp': The POSIX name for this item is deprecated. Instead, use the ISO C++ conformant name: _stricmp. See online help for details.
                 c:\program files (x86)\microsoft visual studio 10.0\vc\include\string.h(246) : see declaration of 'stricmp'
         Date1.cpp
         CTicket.cpp
         CRecital.cpp
         CPops.cpp
     1>Done Building Project "C:\Users\Josh\Documents\Visual Studio 2010\Projects\CSCD305\Assignment 2\Assignment 2.vcxproj" (rebuild target(s)) -- FAILED.

Build FAILED.

Time Elapsed 00:00:14.18
